<?xml version="1.0" encoding="UTF-8"?>
<!-- Generated by org.testng.reporters.JUnitReportReporter -->
<testsuite hostname="DESKTOP-0CPI2F2" failures="0" tests="1" name="apiDemoApp.ApiDemo_tc_5" time="19.507" errors="0" timestamp="2022-06-04T23:13:00 YEKT" skipped="0">
  <testcase classname="apiDemoApp.ApiDemo_tc_5" name="main" time="19.507"/>
  <system-out/>
</testsuite> <!-- apiDemoApp.ApiDemo_tc_5 -->
