<?xml version="1.0" encoding="UTF-8"?>
<!-- Generated by org.testng.reporters.JUnitReportReporter -->
<testsuite hostname="DESKTOP-0CPI2F2" failures="0" tests="1" name="apiDemoApp.ApiDemo_tc_6" time="25.227" errors="0" timestamp="2022-06-06T20:09:24 YEKT" skipped="0">
  <testcase classname="apiDemoApp.ApiDemo_tc_6" name="main" time="25.227"/>
  <system-out/>
</testsuite> <!-- apiDemoApp.ApiDemo_tc_6 -->
