<?xml version="1.0" encoding="UTF-8"?>
<!-- Generated by org.testng.reporters.JUnitReportReporter -->
<testsuite hostname="DESKTOP-0CPI2F2" failures="0" tests="2" name="apiDemoApp.ApiDemo_tc_1" time="48.398" errors="0" timestamp="2022-07-07T21:35:22 YEKT" skipped="0">
  <testcase classname="apiDemoApp.ApiDemo_tc_1" name="dependenciesPageValidation" time="26.754"/>
  <system-out/>
  <testcase classname="apiDemoApp.ApiDemo_tc_1" name="dependenciesPageValidation" time="21.644"/>
  <system-out/>
</testsuite> <!-- apiDemoApp.ApiDemo_tc_1 -->
