<?xml version="1.0" encoding="UTF-8"?>
<!-- Generated by org.testng.reporters.JUnitReportReporter -->
<testsuite hostname="DESKTOP-0CPI2F2" failures="0" tests="1" name="apiDemoApp.ApiDemo_tc_2" time="21.596" errors="0" timestamp="2022-07-07T21:35:22 YEKT" skipped="0">
  <testcase classname="apiDemoApp.ApiDemo_tc_2" name="dependenciesPageInputValidation" time="21.596"/>
  <system-out/>
</testsuite> <!-- apiDemoApp.ApiDemo_tc_2 -->
