<?xml version="1.0" encoding="UTF-8"?>
<!-- Generated by org.testng.reporters.JUnitReportReporter -->
<testsuite hostname="DESKTOP-0CPI2F2" failures="0" tests="1" name="apiDemoApp.ApiDemo_tc_4" time="20.651" errors="0" timestamp="2022-06-06T14:17:04 YEKT" skipped="0">
  <testcase classname="apiDemoApp.ApiDemo_tc_4" name="main" time="20.651"/>
  <system-out/>
</testsuite> <!-- apiDemoApp.ApiDemo_tc_4 -->
