<?xml version="1.0" encoding="UTF-8"?>
<!-- Generated by org.testng.reporters.JUnitReportReporter -->
<testsuite hostname="DESKTOP-0CPI2F2" failures="0" tests="1" name="practise.AppiumFramework.Ecommerce_tc_3" time="33.431" errors="0" timestamp="2022-06-01T13:51:48 YEKT" skipped="0">
  <testcase classname="practise.AppiumFramework.Ecommerce_tc_3" name="main" time="33.431"/>
  <system-out/>
</testsuite> <!-- practise.AppiumFramework.Ecommerce_tc_3 -->
