<?xml version="1.0" encoding="UTF-8"?>
<!-- Generated by org.testng.reporters.JUnitReportReporter -->
<testsuite hostname="DESKTOP-0CPI2F2" failures="0" tests="1" name="cucumber.TestRunnerTestNg" time="20.528" errors="0" timestamp="2022-06-02T18:05:13 YEKT" skipped="0">
  <testcase classname="cucumber.TestRunnerTestNg" name="runScenario" time="20.528"/>
  <system-out/>
</testsuite> <!-- cucumber.TestRunnerTestNg -->
