<?xml version="1.0" encoding="UTF-8"?>
<!-- Generated by org.testng.reporters.JUnitReportReporter -->
<testsuite hostname="DESKTOP-0CPI2F2" failures="0" tests="2" name="practise.AppiumFramework.ApiDemoTest" time="36.776" errors="0" timestamp="2022-06-01T18:46:59 YEKT" skipped="0">
  <testcase classname="practise.AppiumFramework.ApiDemoTest" name="apiDemo" time="19.213"/>
  <system-out/>
  <testcase classname="practise.AppiumFramework.ApiDemoTest" name="apiDemo" time="17.563"/>
  <system-out/>
</testsuite> <!-- practise.AppiumFramework.ApiDemoTest -->
