<?xml version="1.0" encoding="UTF-8"?>
<!-- Generated by org.testng.reporters.JUnitReportReporter -->
<testsuite hostname="DESKTOP-0CPI2F2" failures="0" tests="1" name="practise.AppiumFramework.ecommerce_tc_4" time="29.117" errors="0" timestamp="2022-06-01T14:05:52 YEKT" skipped="0">
  <testcase classname="practise.AppiumFramework.ecommerce_tc_4" name="totalValidation" time="29.117"/>
  <system-out/>
</testsuite> <!-- practise.AppiumFramework.ecommerce_tc_4 -->
