<?xml version="1.0" encoding="UTF-8"?>
<!-- Generated by org.testng.reporters.JUnitReportReporter -->
<testsuite hostname="DESKTOP-0CPI2F2" failures="0" tests="1" name="ecommerceApp.Ecommerce_tc_5" time="34.007" errors="0" timestamp="2022-06-06T20:31:52 YEKT" skipped="0">
  <testcase classname="ecommerceApp.Ecommerce_tc_5" name="totalValidation" time="34.007"/>
  <system-out/>
</testsuite> <!-- ecommerceApp.Ecommerce_tc_5 -->
