<?xml version="1.0" encoding="UTF-8"?>
<!-- Generated by org.testng.reporters.JUnitReportReporter -->
<testsuite hostname="DESKTOP-0CPI2F2" failures="0" tests="2" name="apiDemoApp.ApiDemoTest" time="36.544" errors="0" timestamp="2022-06-02T17:33:30 YEKT" skipped="0">
  <testcase classname="apiDemoApp.ApiDemoTest" name="apiDemo" time="19.594"/>
  <system-out/>
  <testcase classname="apiDemoApp.ApiDemoTest" name="apiDemo" time="16.950"/>
  <system-out/>
</testsuite> <!-- apiDemoApp.ApiDemoTest -->
