<?xml version="1.0" encoding="UTF-8"?>
<!-- Generated by org.testng.reporters.JUnitReportReporter -->
<testsuite hostname="DESKTOP-0CPI2F2" failures="0" tests="1" name="ecommerceApp.Ecommerce_tc_2" time="27.060" errors="0" timestamp="2022-07-07T21:35:22 YEKT" skipped="0">
  <testcase classname="ecommerceApp.Ecommerce_tc_2" name="landingPageToastValidation" time="27.060"/>
  <system-out/>
</testsuite> <!-- ecommerceApp.Ecommerce_tc_2 -->
