<?xml version="1.0" encoding="UTF-8"?>
<!-- Generated by org.testng.reporters.JUnitReportReporter -->
<testsuite hostname="DESKTOP-0CPI2F2" failures="0" tests="2" name="practise.AppiumFramework.ApiDemoTest_Cloud" time="160.171" errors="0" timestamp="2022-05-30T14:55:41 YEKT" skipped="0">
  <testcase classname="practise.AppiumFramework.ApiDemoTest_Cloud" name="apiDemo" time="30.828"/>
  <system-out/>
  <testcase classname="practise.AppiumFramework.ApiDemoTest_Cloud" name="apiDemo" time="129.343"/>
  <system-out/>
</testsuite> <!-- practise.AppiumFramework.ApiDemoTest_Cloud -->
