<?xml version="1.0" encoding="UTF-8"?>
<!-- Generated by org.testng.reporters.JUnitReportReporter -->
<testsuite hostname="DESKTOP-0CPI2F2" failures="0" tests="1" name="practise.AppiumFramework.Ecommerce_tc_5" time="28.680" errors="0" timestamp="2022-06-01T20:38:05 YEKT" skipped="0">
  <testcase classname="practise.AppiumFramework.Ecommerce_tc_5" name="totalValidation" time="28.680"/>
  <system-out/>
</testsuite> <!-- practise.AppiumFramework.Ecommerce_tc_5 -->
