<?xml version="1.0" encoding="UTF-8"?>
<!-- Generated by org.testng.reporters.JUnitReportReporter -->
<testsuite skipped="0" hostname="DESKTOP-0CPI2F2" name="cucumber.TestRunnerTestNg" tests="1" failures="0" timestamp="2022-07-06T22:47:38 YEKT" time="58.633" errors="0">
  <testcase name="runScenario" time="58.633" classname="cucumber.TestRunnerTestNg"/>
  <system-out/>
</testsuite> <!-- cucumber.TestRunnerTestNg -->
