<?xml version="1.0" encoding="UTF-8"?>
<!-- Generated by org.testng.reporters.JUnitReportReporter -->
<testsuite skipped="0" hostname="DESKTOP-0CPI2F2" name="practise.AppiumFramework.ApiDemoTest" tests="2" failures="0" timestamp="2022-05-30T15:26:23 YEKT" time="40.407" errors="0">
  <testcase name="apiDemo" time="20.245" classname="practise.AppiumFramework.ApiDemoTest"/>
  <system-out/>
  <testcase name="apiDemo" time="20.162" classname="practise.AppiumFramework.ApiDemoTest"/>
  <system-out/>
</testsuite> <!-- practise.AppiumFramework.ApiDemoTest -->
